<?xml version='1.0' encoding='UTF-8'?>
<testsuite hostname="vaio1" name="SegmentTest" tests="9" errors="0" failures="0" time="0.0">
                     <properties>
[...]
</properties>
                     <testcase classname="SegmentTest" name="displayContent_nullContent" time="0.0">
                                                 
                                               </testcase><testcase classname="SegmentTest" name="getParentSegIds_noParent" time="0.0">
                                                 
                                               </testcase><testcase classname="SegmentTest" name="displayContent_replace_over250" time="0.0">
                                                 
                                               </testcase><testcase classname="SegmentTest" name="isLeafNode_branch" time="0.0">
                                                 
                                               </testcase><testcase classname="SegmentTest" name="displayContent_replace_under250" time="0.0">
                                                 
                                               </testcase><testcase classname="SegmentTest" name="displayContent_noReplace_over250" time="0.0">
                                                 
                                               </testcase><testcase classname="SegmentTest" name="displayContent_noReplace_under250" time="0.0">
                                                 
                                               </testcase><testcase classname="SegmentTest" name="getParentSegIds_valid" time="0.0">
                                                 
                                               </testcase><testcase classname="SegmentTest" name="isLeafNode_leaf" time="0.0">
                                                 
                                               </testcase>
                     <system-out></system-out>
                     <system-err></system-err>
                   </testsuite>