<?xml version='1.0' encoding='UTF-8'?>
<testsuite hostname="vaio1" name="StoryTest" tests="15" errors="0" failures="0" time="0.0">
                     <properties>
[...]
</properties>
                     <testcase classname="StoryTest" name="findSegByIdLeaf" time="0.0">
                                                 
                                               </testcase><testcase classname="StoryTest" name="findSegByIdNull" time="0.0">
                                                 
                                               </testcase><testcase classname="StoryTest" name="findSegByIdRoot" time="0.0">
                                                 
                                               </testcase><testcase classname="StoryTest" name="findTagsIntermediate" time="0.0">
                                                 
                                               </testcase><testcase classname="StoryTest" name="findTitlesEmpty" time="0.0">
                                                 
                                               </testcase><testcase classname="StoryTest" name="findTagsinAll" time="0.0">
                                                 
                                               </testcase><testcase classname="StoryTest" name="findTagsRoot" time="0.0">
                                                 
                                               </testcase><testcase classname="StoryTest" name="findTitlesNotFound" time="0.0">
                                                 
                                               </testcase><testcase classname="StoryTest" name="findTitlesCaseContains" time="0.0">
                                                 
                                               </testcase><testcase classname="StoryTest" name="findTagsNotFound" time="0.0">
                                                 
                                               </testcase><testcase classname="StoryTest" name="findTagsinAllCaseTest" time="0.0">
                                                 
                                               </testcase><testcase classname="StoryTest" name="findTitlesRoot" time="0.0">
                                                 
                                               </testcase><testcase classname="StoryTest" name="findSegByIdIntermediate" time="0.0">
                                                 
                                               </testcase><testcase classname="StoryTest" name="findTitlesIntermediate" time="0.0">
                                                 
                                               </testcase><testcase classname="StoryTest" name="findTagsEmptyString" time="0.0">
                                                 
                                               </testcase>
                     <system-out></system-out>
                     <system-err></system-err>
                   </testsuite>